Timestamp	Process	TID	Area	Category	EventID	Level	Message	Correlation
04/29/2025 13:45:46.653	EXCEL (0x66E8)	0x1B84	Microsoft Excel	WebServiceApi	4qhrp	Medium	[ServiceRequest] Cache Record Found {"CacheKey":"https://officeclient.microsoft.com/config16/?lcid=1043&syslcid=3072&uilcid=1043&build=16.0.18623&fp=eudb.microsoftonline.com&telemetryRegion=EMEA&crev=3"}	4BFD5724-8E2F-4F77-B10D-5F9A141FDA65
04/29/2025 13:45:46.658	EXCEL (0x66E8)	0x1B84	Microsoft Excel	WebServiceApi	4qhrm	Medium	[ServiceRequest] Cache Data Found | [FileRequest] Succeed {"CacheKey":"https://officeclient.microsoft.com/config16/?lcid=1043&syslcid=3072&uilcid=1043&build=16.0.18623&fp=eudb.microsoftonline.com&telemetryRegion=EMEA&crev=3"}	4BFD5724-8E2F-4F77-B10D-5F9A141FDA65
04/29/2025 13:45:47.691	EXCEL (0x66E8)	0x37FC	Microsoft Excel	Document AutoCreate Locations	bve2p	Medium	Trying to get default document URL for service {"DocumentFolderUrl":"https://ormitbv-my.sharepoint.com/personal/marc_van_kampen_ormittalent_be/Documents"}	
04/29/2025 13:45:47.695	EXCEL (0x66E8)	0x37FC	Microsoft Excel	ODP Sandbox Activation	5d7xn	Monitorable	Task to create OsfControl for PreWarm WV2 {"PredictedDelayForPreWarmWV2":5}	
04/29/2025 13:45:47.696	EXCEL (0x66E8)	0x7BEC	Microsoft Excel	Document AutoCreate Locations	bve2p	Medium	Trying to get default document URL for service {"DocumentFolderUrl":"https://ormitbv-my.sharepoint.com/personal/marc_van_kampen_ormittalent_be/Documents"}	
04/29/2025 13:45:47.735	EXCEL (0x66E8)	0x8524	Microsoft Excel	Disco	4vzbo	Medium	SHAM file does not exist, so we will not open it {"Path":"O:{1}"}	
04/29/2025 13:45:47.740	EXCEL (0x66E8)	0x8524	Microsoft Excel	Disco	4vzbo	Medium	SHAM file does not exist, so we will not open it {"Path":"O:{2}"}	
04/29/2025 13:45:47.741	EXCEL (0x66E8)	0x8524	Microsoft Excel	Disco	4vzbo	Medium	SHAM file does not exist, so we will not open it {"Path":"O:{3}"}	
04/29/2025 13:45:47.741	EXCEL (0x66E8)	0x8524	Microsoft Excel	Disco	4vzbo	Medium	SHAM file does not exist, so we will not open it {"Path":"O:{4}"}	
04/29/2025 13:45:47.745	EXCEL (0x66E8)	0x8524	Microsoft Excel	Disco	4vzbo	Medium	SHAM file does not exist, so we will not open it {"Path":"O:{5}"}	
04/29/2025 13:45:47.745	EXCEL (0x66E8)	0x8524	Microsoft Excel	Disco	4vzbo	Medium	SHAM file does not exist, so we will not open it {"Path":"O:{6}"}	
04/29/2025 13:45:47.745	EXCEL (0x66E8)	0x8524	Microsoft Excel	Syzygy	912b2	Medium	Destroying namespace. {"Path":"O:{7}"}	
04/29/2025 13:45:47.752	EXCEL (0x66E8)	0x8524	Microsoft Excel	Disco	4vzbo	Medium	SHAM file does not exist, so we will not open it {"Path":"O:{8}"}	
04/29/2025 13:45:47.753	EXCEL (0x66E8)	0x8524	Microsoft Excel	Disco	4vzbo	Medium	SHAM file does not exist, so we will not open it {"Path":"O:{9}"}	
04/29/2025 13:45:47.757	EXCEL (0x66E8)	0x8524	Microsoft Excel	Disco	4vzbo	Medium	SHAM file does not exist, so we will not open it {"Path":"O:{10}"}	
04/29/2025 13:45:47.757	EXCEL (0x66E8)	0x8524	Microsoft Excel	Disco	4vzbo	Medium	SHAM file does not exist, so we will not open it {"Path":"O:{11}"}	
04/29/2025 13:45:47.762	EXCEL (0x66E8)	0x8524	Microsoft Excel	Disco	4vzbo	Medium	SHAM file does not exist, so we will not open it {"Path":"O:{12}"}	
04/29/2025 13:45:47.762	EXCEL (0x66E8)	0x8524	Microsoft Excel	Disco	4vzbo	Medium	SHAM file does not exist, so we will not open it {"Path":"O:{13}"}	
04/29/2025 13:45:47.762	EXCEL (0x66E8)	0x8524	Microsoft Excel	Syzygy	912b2	Medium	Destroying namespace. {"Path":"O:{14}"}	
04/29/2025 13:45:47.765	EXCEL (0x66E8)	0x8524	Microsoft Excel	Disco	4vzbo	Medium	SHAM file does not exist, so we will not open it {"Path":"O:{15}"}	
04/29/2025 13:45:47.765	EXCEL (0x66E8)	0x8524	Microsoft Excel	Disco	4vzbo	Medium	SHAM file does not exist, so we will not open it {"Path":"O:{16}"}	
04/29/2025 13:45:47.765	EXCEL (0x66E8)	0x8524	Microsoft Excel	Disco	4vzbo	Medium	SHAM file does not exist, so we will not open it {"Path":"O:{17}"}	
04/29/2025 13:45:47.766	EXCEL (0x66E8)	0x8524	Microsoft Excel	Disco	4vzbo	Medium	SHAM file does not exist, so we will not open it {"Path":"O:{18}"}	
04/29/2025 13:45:47.766	EXCEL (0x66E8)	0x8524	Microsoft Excel	Disco	4vzbo	Medium	SHAM file does not exist, so we will not open it {"Path":"O:{19}"}	
04/29/2025 13:45:47.766	EXCEL (0x66E8)	0x8524	Microsoft Excel	Disco	4vzbo	Medium	SHAM file does not exist, so we will not open it {"Path":"O:{20}"}	
04/29/2025 13:45:47.768	EXCEL (0x66E8)	0x8524	Microsoft Excel	Disco	4vzbo	Medium	SHAM file does not exist, so we will not open it {"Path":"O:{21}"}	
04/29/2025 13:45:47.768	EXCEL (0x66E8)	0x8524	Microsoft Excel	Disco	4vzbo	Medium	SHAM file does not exist, so we will not open it {"Path":"O:{22}"}	
04/29/2025 13:45:47.768	EXCEL (0x66E8)	0x8524	Microsoft Excel	Syzygy	912b2	Medium	Destroying namespace. {"Path":"O:{23}"}	
04/29/2025 13:45:48.731	EXCEL (0x66E8)	0x8524	Microsoft Excel	Licensing client liblet	a46x2	Medium	HeartbeatAdapter::GetHeartbeatCacheFile - HeartbeatAdapter: Cache file location {"HeartbeatCacheFilePath":"C:\\ProgramData\\Microsoft\\Office\\Heartbeat"}	
04/29/2025 13:45:52.298	EXCEL (0x66E8)	0x18AC	Microsoft Excel	Syzygy	912b2	Medium	Destroying namespace. {"Path":"O:{7}"}	
